<?xml version="1.0" encoding="UTF-8"?>
<!-- Generated by org.testng.reporters.JUnitReportReporter -->
<testsuite hostname="NPF13Q18E" failures="0" tests="2" name="tests.SC04_SearchProductTest" time="2.565" errors="0" timestamp="2023-01-03T11:57:05 EET" skipped="0">
  <testcase classname="tests.SC04_SearchProductTest" name="RegisteredUserCanLogin" time="1.838"/>
  <system-out/>
  <testcase classname="tests.SC04_SearchProductTest" name="searchproduct" time="0.727"/>
  <system-out/>
</testsuite> <!-- tests.SC04_SearchProductTest -->
