<?xml version="1.0" encoding="UTF-8"?>
<!-- Generated by org.testng.reporters.JUnitReportReporter -->
<testsuite hostname="NPF13Q18E" failures="0" tests="1" name="tests.UserRegistrationTest" time="2.473" errors="0" timestamp="2023-01-01T02:01:44 EET" skipped="0">
  <testcase classname="tests.UserRegistrationTest" name="userCanRegisterSuccessfully" time="2.473"/>
  <system-out/>
</testsuite> <!-- tests.UserRegistrationTest -->
