<?xml version="1.0" encoding="UTF-8"?>
<!-- Generated by org.testng.reporters.JUnitReportReporter -->
<testsuite hostname="NPF13Q18E" failures="0" tests="6" name="tests.SC9_AddDifferentProductsToCart" time="8.733" errors="0" timestamp="2023-01-03T00:24:03 EET" skipped="0">
  <testcase classname="tests.SC9_AddDifferentProductsToCart" name="navigateToShoppingCart" time="3.826"/>
  <system-out/>
  <testcase classname="tests.SC9_AddDifferentProductsToCart" name="userCancontinueShopping" time="0.680"/>
  <system-out/>
  <testcase classname="tests.SC9_AddDifferentProductsToCart" name="userCanAddProductToCart" time="0.425"/>
  <system-out/>
  <testcase classname="tests.SC9_AddDifferentProductsToCart" name="userCanAddDiffernetProducts" time="0.901"/>
  <system-out/>
  <testcase classname="tests.SC9_AddDifferentProductsToCart" name="searchproduct" time="0.692"/>
  <system-out/>
  <testcase classname="tests.SC9_AddDifferentProductsToCart" name="RegisteredUserCanLogin" time="2.209"/>
  <system-out/>
</testsuite> <!-- tests.SC9_AddDifferentProductsToCart -->
