<?xml version="1.0" encoding="UTF-8"?>
<!-- Generated by org.testng.reporters.JUnitReportReporter -->
<testsuite hostname="NPF13Q18E" failures="0" tests="1" name="tests.LoginTest" time="1.852" errors="0" timestamp="2023-01-01T02:06:42 EET" skipped="0">
  <testcase classname="tests.LoginTest" name="RegisteredUserCanLogin" time="1.852"/>
  <system-out/>
</testsuite> <!-- tests.LoginTest -->
