<?xml version="1.0" encoding="UTF-8"?>
<!-- Generated by org.testng.reporters.JUnitReportReporter -->
<testsuite hostname="NPF13Q18E" failures="0" tests="3" name="tests.SC3_MyAccountTest" time="5.094" errors="0" timestamp="2023-01-01T03:14:36 EET" skipped="0">
  <testcase classname="tests.SC3_MyAccountTest" name="RegisteredUserCanLogin" time="1.515"/>
  <system-out/>
  <testcase classname="tests.SC3_MyAccountTest" name="RegisterUserCanChagePassword" time="1.353"/>
  <system-out/>
  <testcase classname="tests.SC3_MyAccountTest" name="userCanRegisterSuccessfully" time="2.226"/>
  <system-out/>
</testsuite> <!-- tests.SC3_MyAccountTest -->
