<?xml version="1.0" encoding="UTF-8"?>
<!-- Generated by org.testng.reporters.JUnitReportReporter -->
<testsuite hostname="NPF13Q18E" failures="0" tests="1" name="tests.SC2_LoginTest" time="2.353" errors="0" timestamp="2023-01-02T23:58:47 EET" skipped="0">
  <testcase classname="tests.SC2_LoginTest" name="RegisteredUserCanLogin" time="2.353"/>
  <system-out/>
</testsuite> <!-- tests.SC2_LoginTest -->
