<?xml version="1.0" encoding="UTF-8"?>
<!-- Generated by org.testng.reporters.JUnitReportReporter -->
<testsuite hostname="NPF13Q18E" failures="0" tests="2" name="tests.SC05_ChangeCurrencies" time="6.122" errors="0" timestamp="2023-01-03T11:57:42 EET" skipped="0">
  <testcase classname="tests.SC05_ChangeCurrencies" name="changeCurrency" time="3.851"/>
  <system-out/>
  <testcase classname="tests.SC05_ChangeCurrencies" name="RegisteredUserCanLogin" time="2.271"/>
  <system-out/>
</testsuite> <!-- tests.SC05_ChangeCurrencies -->
