<?xml version="1.0" encoding="UTF-8"?>
<!-- Generated by org.testng.reporters.JUnitReportReporter -->
<testsuite hostname="NPF13Q18E" failures="0" tests="6" name="tests.SC09_AddDifferentProductsToCart" time="5.169" errors="0" timestamp="2023-01-03T11:58:54 EET" skipped="0">
  <testcase classname="tests.SC09_AddDifferentProductsToCart" name="userCanAddProductToCart" time="0.415"/>
  <system-out/>
  <testcase classname="tests.SC09_AddDifferentProductsToCart" name="userCanAddDiffernetProducts" time="0.916"/>
  <system-out/>
  <testcase classname="tests.SC09_AddDifferentProductsToCart" name="searchproduct" time="0.760"/>
  <system-out/>
  <testcase classname="tests.SC09_AddDifferentProductsToCart" name="userCancontinueShopping" time="0.684"/>
  <system-out/>
  <testcase classname="tests.SC09_AddDifferentProductsToCart" name="navigateToShoppingCart" time="0.581"/>
  <system-out/>
  <testcase classname="tests.SC09_AddDifferentProductsToCart" name="RegisteredUserCanLogin" time="1.813"/>
  <system-out/>
</testsuite> <!-- tests.SC09_AddDifferentProductsToCart -->
