<?xml version="1.0" encoding="UTF-8"?>
<!-- Generated by org.testng.reporters.JUnitReportReporter -->
<testsuite hostname="NPF13Q18E" failures="0" tests="12" name="runner.TestRunner" time="35.693" errors="0" timestamp="2023-01-09T22:59:21 EET" skipped="0">
  <testcase classname="runner.TestRunner" name="runScenario" time="5.115"/>
  <system-out/>
  <testcase classname="runner.TestRunner" name="runScenario" time="1.679"/>
  <system-out/>
  <testcase classname="runner.TestRunner" name="runScenario" time="0.933"/>
  <system-out/>
  <testcase classname="runner.TestRunner" name="runScenario" time="1.674"/>
  <system-out/>
  <testcase classname="runner.TestRunner" name="runScenario" time="7.348"/>
  <system-out/>
  <testcase classname="runner.TestRunner" name="runScenario" time="1.087"/>
  <system-out/>
  <testcase classname="runner.TestRunner" name="runScenario" time="3.390"/>
  <system-out/>
  <testcase classname="runner.TestRunner" name="runScenario" time="2.661"/>
  <system-out/>
  <testcase classname="runner.TestRunner" name="runScenario" time="4.187"/>
  <system-out/>
  <testcase classname="runner.TestRunner" name="runScenario" time="2.910"/>
  <system-out/>
  <testcase classname="runner.TestRunner" name="runScenario" time="2.591"/>
  <system-out/>
  <testcase classname="runner.TestRunner" name="runScenario" time="2.118"/>
  <system-out/>
</testsuite> <!-- runner.TestRunner -->
