<?xml version="1.0" encoding="UTF-8"?>
<!-- Generated by org.testng.reporters.JUnitReportReporter -->
<testsuite hostname="NPF13Q18E" failures="0" tests="6" name="tests.SC9_AddDifferentProducts" time="8.047" errors="0" timestamp="2023-01-02T21:39:27 EET" skipped="0">
  <testcase classname="tests.SC9_AddDifferentProducts" name="userCanAddDiffernetProducts" time="0.636"/>
  <system-out/>
  <testcase classname="tests.SC9_AddDifferentProducts" name="userCancontinueShopping" time="0.822"/>
  <system-out/>
  <testcase classname="tests.SC9_AddDifferentProducts" name="searchproduct" time="0.958"/>
  <system-out/>
  <testcase classname="tests.SC9_AddDifferentProducts" name="navigateToShoppingCart" time="3.927"/>
  <system-out/>
  <testcase classname="tests.SC9_AddDifferentProducts" name="userCanAddProductToCart" time="0.079"/>
  <system-out/>
  <testcase classname="tests.SC9_AddDifferentProducts" name="RegisteredUserCanLogin" time="1.625"/>
  <system-out/>
</testsuite> <!-- tests.SC9_AddDifferentProducts -->
