<?xml version="1.0" encoding="UTF-8"?>
<!-- Generated by org.testng.reporters.JUnitReportReporter -->
<testsuite hostname="NPF13Q18E" failures="0" tests="1" name="tests.SC02_LoginTest" time="1.466" errors="0" timestamp="2023-01-04T01:41:08 EET" skipped="0">
  <testcase classname="tests.SC02_LoginTest" name="RegisteredUserCanLogin" time="1.466"/>
  <system-out/>
</testsuite> <!-- tests.SC02_LoginTest -->
