<?xml version="1.0" encoding="UTF-8"?>
<!-- Generated by org.testng.reporters.JUnitReportReporter -->
<testsuite hostname="NPF13Q18E" failures="0" tests="1" name="tests.LoginPage" time="0.036" errors="0" timestamp="2022-12-31T23:08:05 EET" skipped="0">
  <testcase classname="tests.LoginPage" name="findElemntByID" time="0.036"/>
  <system-out/>
</testsuite> <!-- tests.LoginPage -->
