<?xml version="1.0" encoding="UTF-8"?>
<!-- Generated by org.testng.reporters.JUnitReportReporter -->
<testsuite hostname="NPF13Q18E" failures="0" tests="2" name="tests.SC5_ChangeCurrencies" time="5.126" errors="0" timestamp="2023-01-02T00:31:23 EET" skipped="0">
  <testcase classname="tests.SC5_ChangeCurrencies" name="changeCurrency" time="3.183"/>
  <system-out/>
  <testcase classname="tests.SC5_ChangeCurrencies" name="RegisteredUserCanLogin" time="1.943"/>
  <system-out/>
</testsuite> <!-- tests.SC5_ChangeCurrencies -->
