<?xml version="1.0" encoding="UTF-8"?>
<!-- Generated by org.testng.reporters.JUnitReportReporter -->
<testsuite hostname="NPF13Q18E" failures="0" tests="4" name="tests.SC11_AddDifferentProductsToComparelist" time="4.421" errors="0" timestamp="2023-01-03T12:00:11 EET" skipped="0">
  <testcase classname="tests.SC11_AddDifferentProductsToComparelist" name="userAddDiffernetProductToComparelist" time="0.902"/>
  <system-out/>
  <testcase classname="tests.SC11_AddDifferentProductsToComparelist" name="userCanAddProductToComparelist" time="0.369"/>
  <system-out/>
  <testcase classname="tests.SC11_AddDifferentProductsToComparelist" name="searchproduct" time="0.842"/>
  <system-out/>
  <testcase classname="tests.SC11_AddDifferentProductsToComparelist" name="RegisteredUserCanLogin" time="2.308"/>
  <system-out/>
</testsuite> <!-- tests.SC11_AddDifferentProductsToComparelist -->
