<?xml version="1.0" encoding="UTF-8"?>
<!-- Generated by org.testng.reporters.JUnitReportReporter -->
<testsuite hostname="NPF13Q18E" failures="0" tests="4" name="tests.SC10_AddDifferentProductsToWishlist" time="3.784" errors="0" timestamp="2023-01-03T11:59:28 EET" skipped="0">
  <testcase classname="tests.SC10_AddDifferentProductsToWishlist" name="userCanAddProductToWishlist" time="0.399"/>
  <system-out/>
  <testcase classname="tests.SC10_AddDifferentProductsToWishlist" name="searchproduct" time="0.714"/>
  <system-out/>
  <testcase classname="tests.SC10_AddDifferentProductsToWishlist" name="userAddDiffernetProductToWishlist" time="0.844"/>
  <system-out/>
  <testcase classname="tests.SC10_AddDifferentProductsToWishlist" name="RegisteredUserCanLogin" time="1.827"/>
  <system-out/>
</testsuite> <!-- tests.SC10_AddDifferentProductsToWishlist -->
