<?xml version="1.0" encoding="UTF-8"?>
<!-- Generated by org.testng.reporters.JUnitReportReporter -->
<testsuite hostname="NPF13Q18E" failures="0" tests="4" name="tests.SC06_HoverMenusTest" time="3.658" errors="0" timestamp="2023-01-06T00:52:22 EET" skipped="0">
  <testcase classname="tests.SC06_HoverMenusTest" name="userCanSelectDiffernetTag" time="0.953"/>
  <system-out/>
  <testcase classname="tests.SC06_HoverMenusTest" name="userCanfilterWithColor" time="0.069"/>
  <system-out/>
  <testcase classname="tests.SC06_HoverMenusTest" name="hoverToDifferentCategory" time="1.062"/>
  <system-out/>
  <testcase classname="tests.SC06_HoverMenusTest" name="RegisteredUserCanLogin" time="1.574"/>
  <system-out/>
</testsuite> <!-- tests.SC06_HoverMenusTest -->
