<?xml version="1.0" encoding="UTF-8"?>
<!-- Generated by org.testng.reporters.JUnitReportReporter -->
<testsuite hostname="NPF13Q18E" failures="0" tests="2" name="tests.SC4_SearchProductTest" time="4.907" errors="0" timestamp="2023-01-01T22:57:15 EET" skipped="0">
  <testcase classname="tests.SC4_SearchProductTest" name="RegisteredUserCanLogin" time="4.124"/>
  <system-out/>
  <testcase classname="tests.SC4_SearchProductTest" name="searchproduct" time="0.783"/>
  <system-out/>
</testsuite> <!-- tests.SC4_SearchProductTest -->
